<?xml version="1.0" encoding="UTF-8"?>
<!-- Generated by org.testng.reporters.JUnitXMLReporter -->
<testsuite ignored="0" hostname="RKV" failures="1" tests="10" name="TestNGTest1" time="45.662" errors="0" timestamp="17 May 2019 18:33:14 GMT">
  <testcase classname="com.SauceDemo.testCases.TC_001" name="loginTest001" time="2.413"/>
  <testcase classname="com.SauceDemo.testCases.TC_001" name="loginTest001" time="0.835"/>
  <testcase classname="com.SauceDemo.testCases.TC_001" name="loginTest001" time="5.558"/>
  <testcase classname="com.SauceDemo.testCases.TC_001" name="loginTest001" time="0.968">
    <failure type="java.lang.AssertionError" message="The following asserts failed:
	expected [true] but found [false]">
      <![CDATA[java.lang.AssertionError: The following asserts failed:
expected [true] but found [false]
at com.SauceDemo.testCases.TC_001.loginTest001(TC_001.java:42)
... Removed 29 stack frames]]>
    </failure>
  </testcase> <!-- loginTest001 -->
  <testcase classname="com.SauceDemo.testCases.TC_002" name="loginTest002" time="0.536"/>
  <testcase classname="com.SauceDemo.testCases.TC_002" name="loginTest002" time="0.447"/>
  <testcase classname="com.SauceDemo.testCases.TC_005" name="loginTest005" time="0.567"/>
  <testcase classname="com.SauceDemo.testCases.TC_006" name="loginTest006" time="0.497"/>
  <testcase classname="com.SauceDemo.testCases.TC_008" name="loginTest008" time="0.794"/>
  <testcase classname="com.SauceDemo.testCases.TC_008" name="loginTest008" time="0.522"/>
</testsuite> <!-- TestNGTest1 -->
