<?xml version="1.0" encoding="UTF-8"?>
<!-- Generated by org.testng.reporters.JUnitXMLReporter -->
<testsuite ignored="0" hostname="RKV" failures="1" tests="10" name="TestNGTest2" time="62.649" errors="0" timestamp="17 May 2019 18:34:17 GMT">
  <testcase classname="com.SauceDemo.testCases.TC_001" name="loginTest001" time="2.457"/>
  <testcase classname="com.SauceDemo.testCases.TC_001" name="loginTest001" time="0.664"/>
  <testcase classname="com.SauceDemo.testCases.TC_001" name="loginTest001" time="5.774"/>
  <testcase classname="com.SauceDemo.testCases.TC_001" name="loginTest001" time="1.357">
    <failure type="java.lang.AssertionError" message="The following asserts failed:
	expected [true] but found [false]">
      <![CDATA[java.lang.AssertionError: The following asserts failed:
expected [true] but found [false]
at com.SauceDemo.testCases.TC_001.loginTest001(TC_001.java:42)
... Removed 29 stack frames]]>
    </failure>
  </testcase> <!-- loginTest001 -->
  <testcase classname="com.SauceDemo.testCases.TC_002" name="loginTest002" time="1.48"/>
  <testcase classname="com.SauceDemo.testCases.TC_002" name="loginTest002" time="1.349"/>
  <testcase classname="com.SauceDemo.testCases.TC_005" name="loginTest005" time="1.41"/>
  <testcase classname="com.SauceDemo.testCases.TC_006" name="loginTest006" time="1.533"/>
  <testcase classname="com.SauceDemo.testCases.TC_008" name="loginTest008" time="1.533"/>
  <testcase classname="com.SauceDemo.testCases.TC_008" name="loginTest008" time="1.291"/>
</testsuite> <!-- TestNGTest2 -->
