<?xml version="1.0" encoding="UTF-8"?>
<!-- Generated by org.testng.reporters.JUnitXMLReporter -->
<testsuite ignored="0" hostname="RKV" failures="1" tests="10" name="TestNGTest2" time="65.978" errors="0" timestamp="17 May 2019 18:23:54 GMT">
  <testcase classname="com.SauceDemo.testCases.TC_001" name="loginTest001" time="2.389"/>
  <testcase classname="com.SauceDemo.testCases.TC_001" name="loginTest001" time="0.572"/>
  <testcase classname="com.SauceDemo.testCases.TC_001" name="loginTest001" time="5.793"/>
  <testcase classname="com.SauceDemo.testCases.TC_001" name="loginTest001" time="1.704">
    <failure type="java.lang.AssertionError" message="The following asserts failed:
	expected [true] but found [false]">
      <![CDATA[java.lang.AssertionError: The following asserts failed:
expected [true] but found [false]
at com.SauceDemo.testCases.TC_001.loginTest001(TC_001.java:42)
... Removed 26 stack frames]]>
    </failure>
  </testcase> <!-- loginTest001 -->
  <testcase classname="com.SauceDemo.testCases.TC_002" name="loginTest002" time="1.77"/>
  <testcase classname="com.SauceDemo.testCases.TC_002" name="loginTest002" time="1.785"/>
  <testcase classname="com.SauceDemo.testCases.TC_005" name="loginTest005" time="1.905"/>
  <testcase classname="com.SauceDemo.testCases.TC_006" name="loginTest006" time="1.645"/>
  <testcase classname="com.SauceDemo.testCases.TC_008" name="loginTest008" time="1.818"/>
  <testcase classname="com.SauceDemo.testCases.TC_008" name="loginTest008" time="1.635"/>
</testsuite> <!-- TestNGTest2 -->
